it,current,target,prediction,correct
14,9,1,46947,0,0.0000
23,4,6,1,0,0.0000
31,3,5,1,0,0.0000
40,4,1,1,1,0.0000
49,4,6,1,0,0.0000
57,8,0,31027,0,0.0000
66,9,6,1,0,0.0000
75,4,6,30480,0,0.0000
84,9,6,30480,0,0.0000
93,4,1,30480,0,0.0000
101,3,0,30480,0,0.0000
110,4,6,30480,0,0.0000
119,9,1,30480,0,0.0000
127,8,0,30480,0,0.0000
136,4,1,30480,0,0.0000
144,8,0,30480,0,0.0000
153,4,1,30480,0,0.0000
161,3,0,30480,0,0.0000
170,4,6,30480,0,0.0000
179,4,6,30480,0,0.0000
187,3,5,30480,0,0.0000
196,4,1,30480,0,0.0000
205,9,6,30480,0,0.0000
213,8,5,30480,0,0.0000
221,8,0,30480,0,0.0000
230,9,1,30480,0,0.0000
239,9,6,30480,0,0.0000
247,3,5,30480,0,0.0000
255,3,0,30480,0,0.0000
263,3,5,30480,0,0.0000
272,9,1,30480,0,0.0000
281,4,1,30480,0,0.0000
290,9,6,30480,0,0.0000
299,9,6,30480,0,0.0000
308,4,1,30480,0,0.0000
317,4,6,30480,0,0.0000
325,3,5,7016,0,0.0000
334,4,1,30480,0,0.0000
343,4,1,30480,0,0.0000
352,9,6,30480,0,0.0000
361,9,6,30480,0,0.0000
370,9,6,30480,0,0.0000
379,4,1,30480,0,0.0000
387,8,5,30480,0,0.0000
396,9,6,30480,0,0.0000
404,8,0,7016,0,0.0000
413,4,1,30480,0,0.0000
422,4,6,30480,0,0.0000
430,3,5,30480,0,0.0000
438,8,5,7016,0,0.0000
447,9,1,30480,0,0.0000
455,8,5,7016,0,0.0000
464,4,6,30480,0,0.0000
473,9,1,30480,0,0.0000
481,3,0,7016,0,0.0000
489,8,5,7016,0,0.0000
498,9,1,30480,0,0.0000
506,3,0,7016,0,0.0000
514,3,5,30480,0,0.0000
522,3,5,30480,0,0.0000
531,4,6,30480,0,0.0000
539,3,5,30480,0,0.0000
548,4,6,30480,0,0.0000
556,8,5,13249,0,0.0000
565,4,1,30480,0,0.0000
573,8,0,30480,0,0.0000
581,3,0,24189,0,0.0000
590,4,1,30480,0,0.0000
598,3,5,24189,0,0.0000
607,4,1,30480,0,0.0000
616,4,1,30480,0,0.0000
624,8,0,24189,0,0.0000
633,4,1,30480,0,0.0000
642,4,6,30480,0,0.0000
650,3,0,24189,0,0.0000
659,9,1,30480,0,0.0000
667,8,0,7016,0,0.0000
676,4,6,30480,0,0.0000
684,3,5,7016,0,0.0000
693,9,1,24189,0,0.0000
701,3,5,7016,0,0.0000
710,4,6,30480,0,0.0000
718,3,0,24189,0,0.0000
727,4,1,30480,0,0.0000
735,3,5,30480,0,0.0000
744,4,1,30480,0,0.0000
752,3,5,24189,0,0.0000
761,9,6,30480,0,0.0000
769,3,5,7016,0,0.0000
778,4,1,30480,0,0.0000
786,3,0,30480,0,0.0000
795,4,1,30480,0,0.0000
804,4,1,30480,0,0.0000
813,4,1,30480,0,0.0000
821,8,0,24189,0,0.0000
829,3,5,7016,0,0.0000
838,4,1,30480,0,0.0000
847,4,1,30480,0,0.0000
855,8,5,24189,0,0.0000
863,3,0,24189,0,0.0000
871,8,5,24189,0,0.0000
879,3,0,24189,0,0.0000
887,3,5,24189,0,0.0000
895,8,0,24189,0,0.0000
903,3,0,24189,0,0.0000
912,9,6,30480,0,0.0000
921,4,6,30480,0,0.0000
930,9,1,24189,0,0.0000
938,3,0,7016,0,0.0000
947,9,1,30480,0,0.0000
956,4,1,30480,0,0.0000
965,9,1,30480,0,0.0000
974,9,1,24189,0,0.0000
982,8,5,24189,0,0.0000
990,8,5,24189,0,0.0000
999,9,1,24189,0,0.0000
1007,8,0,5,0,110.3463
1016,4,6,1,0,83.2638
1025,9,1,6,0,73.1432
1034,9,1,6,0,68.0276
1043,9,6,1,0,64.9857
1051,8,5,5,1,63.0101
1060,4,6,1,0,61.4099
1069,4,1,1,1,60.1040
1077,3,0,0,1,59.1416
1085,8,0,5,0,58.4590
1094,4,6,1,0,57.5200
1103,4,6,1,0,56.7833
1111,3,0,5,0,56.1275
1119,3,0,0,1,55.2145
1127,3,5,5,1,54.6462
1136,9,1,6,0,53.5747
1144,3,5,0,0,52.9851
1153,4,6,6,1,51.6392
1162,4,6,6,1,50.3420
1170,3,5,5,1,49.2675
1179,4,6,6,1,48.0223
1188,4,1,1,1,46.8390
1196,8,0,5,0,45.9984
1205,9,1,1,1,44.8499
1214,9,1,1,1,43.8302
1222,3,5,5,1,43.1498
1231,9,1,1,1,42.0988
1239,8,0,0,1,41.2791
1248,4,1,1,1,40.1956
1257,4,1,1,1,39.1065
1265,8,0,0,1,38.4840
1274,9,6,6,1,37.7464
1283,4,1,1,1,37.0787
1292,9,6,6,1,36.6396
1301,9,1,1,1,35.9658
1309,3,0,0,1,35.4182
1317,8,5,5,1,35.0829
1325,3,0,0,1,34.6394
1334,9,1,1,1,33.9932
1343,9,1,1,1,33.3603
1352,4,6,6,1,32.9709
1361,4,6,6,1,32.3976
1370,4,6,6,1,32.1657
1379,4,1,1,1,31.7304
1387,3,5,5,1,31.3958
1396,9,1,1,1,30.7243
1405,4,6,6,1,30.1707
1414,4,1,1,1,29.6503
1423,9,6,6,1,29.3622
1432,9,6,6,1,28.8752
1441,9,1,1,1,28.3714
1450,4,6,6,1,28.4502
1459,9,6,6,1,28.1622
1468,4,1,1,1,27.7414
1476,3,0,0,1,27.4879
1485,9,1,1,1,27.1752
1493,3,0,0,1,26.9816
1501,8,0,0,1,26.7833
1509,3,0,0,1,26.5697
1517,3,0,0,1,26.3928
1526,4,6,6,1,26.2370
1535,4,1,1,1,25.8287
1544,9,1,1,1,25.8459
1552,8,0,0,1,25.8470
1561,4,1,1,1,25.4426
1569,8,5,5,1,25.4232
1578,9,6,6,1,25.2921
1586,3,0,0,1,25.0673
1595,4,1,1,1,24.6847
1604,4,1,1,1,24.3240
1612,3,0,0,1,24.1446
1621,9,1,1,1,24.0211
1629,3,0,0,1,23.6364
1638,9,1,1,1,23.2838
1647,4,1,1,1,23.2962
1655,8,5,5,1,23.2334
1664,9,1,1,1,23.1882
1672,8,0,0,1,23.1434
1680,8,5,5,1,23.0058
1688,3,0,0,1,23.0851
1697,4,6,6,1,23.0653
1706,4,1,1,1,22.5793
1714,3,5,5,1,22.5581
1722,3,0,0,1,22.4302
1731,9,6,6,1,22.4623
1740,9,1,1,1,22.1903
1749,9,6,6,1,22.3127
1757,3,5,5,1,21.9947
1766,9,1,1,1,22.2888
1775,4,1,1,1,21.9313
1784,4,1,1,1,21.6659
1793,9,1,1,1,21.5349
1801,3,5,5,1,21.2172
1809,3,5,5,1,21.6134
1818,4,6,6,1,21.2627
1827,9,6,6,1,21.3531
1835,3,5,5,1,21.2929
1844,4,1,1,1,21.4951
1853,9,6,6,1,21.1377
1861,3,0,0,1,21.0351
1869,3,0,0,1,20.6933
1878,4,1,1,1,20.5109
1887,4,6,6,1,20.5144
1895,3,0,0,1,20.3278
1903,3,5,5,1,20.1731
1912,9,1,1,1,19.8734
1921,9,6,6,1,19.6605
1929,3,5,5,1,19.9948
1938,9,6,6,1,20.2488
1947,4,6,6,1,19.8402
1956,4,1,1,1,19.7252
1965,9,1,1,1,19.3613
1973,8,0,0,1,19.3075
1982,4,6,6,1,19.0389
1991,9,6,6,1,18.8192
1999,3,0,0,1,18.7624
2007,8,0,0,1,18.7141
2015,3,0,0,1,18.5814
2023,3,5,5,1,18.5038
2031,3,5,5,1,18.4831
2039,8,5,5,1,18.3123
2047,3,0,0,1,18.0844
2055,8,5,5,1,18.0732
2064,4,1,1,1,17.9219
2072,3,0,0,1,18.1567
2081,9,1,1,1,17.8495
2089,8,0,0,1,17.9183
2098,9,1,1,1,17.7238
2106,3,5,5,1,17.6795
2115,4,6,6,1,17.5139
2123,3,5,5,1,17.3621
2132,4,1,1,1,17.3270
2141,4,6,6,1,17.2651
2149,3,0,0,1,17.3544
2158,9,1,1,1,17.2827
2167,4,6,6,1,17.5330
2175,8,5,5,1,17.4741
2184,4,1,1,1,17.3449
2193,4,6,6,1,17.3056
2202,4,6,6,1,16.9297
2210,8,5,5,1,16.9629
2218,3,5,5,1,17.0259
2226,3,0,0,1,16.7561
2234,3,0,0,1,16.8389
2243,9,1,1,1,16.8758
2251,3,5,5,1,16.6511
2259,3,5,5,1,16.4332
2268,4,6,6,1,16.1094
2276,8,0,0,1,16.1973
2285,4,6,6,1,16.2229
2294,4,6,6,1,16.0566
2303,4,1,1,1,15.8785
2311,8,0,0,1,16.2068
2319,3,0,0,1,15.9104
2328,4,1,1,1,15.8541
2337,4,6,6,1,15.6241
2346,9,1,1,1,15.7923
2355,4,1,1,1,15.5866
2364,9,1,1,1,15.3754
2372,3,0,0,1,15.2728
2381,4,1,1,1,15.4916
2390,4,1,1,1,15.2197
2398,3,0,0,1,15.2158
2407,9,1,1,1,15.0553
2415,8,0,0,1,15.0649
2424,9,1,1,1,15.3463
2432,3,5,5,1,15.3141
2441,4,6,6,1,15.1064
2449,3,0,0,1,15.0698
2457,3,5,5,1,14.7575
2466,4,6,6,1,14.5902
2475,9,1,1,1,14.6670
2483,3,0,0,1,14.8267
2491,3,0,0,1,14.7808
2500,4,1,1,1,14.7260
2509,4,1,1,1,14.5446
2518,4,1,1,1,14.8788
2526,8,5,5,1,14.8161
2535,4,6,6,1,14.8812
2543,8,5,5,1,14.9394
2552,4,6,6,1,14.7472
2561,4,1,1,1,14.3852
2570,4,6,6,1,14.5430
2579,9,6,6,1,14.5260
2587,8,5,5,1,14.4974
2596,9,6,6,1,14.4207
2605,9,1,1,1,14.4342
2614,4,6,6,1,14.4668
2622,8,0,0,1,14.4275
2630,8,0,0,1,14.7436
2638,3,5,5,1,14.8054
2647,9,1,1,1,14.9273
2655,8,0,0,1,15.0366
2664,9,6,6,1,15.0360
2672,8,5,5,1,15.1126
2681,9,1,1,1,15.0206
2690,9,6,6,1,14.8207
2699,4,1,1,1,14.8581
2708,4,6,6,1,14.7232
2717,4,6,6,1,14.6868
2726,9,1,1,1,14.6314
2735,9,1,1,1,14.6472
2744,4,1,1,1,14.3091
2753,9,1,1,1,14.2413
2762,9,1,1,1,14.3527
2770,3,0,0,1,14.3698
2778,8,5,5,1,14.6877
2787,9,6,6,1,14.4671
2796,4,6,6,1,14.3300
2804,3,5,5,1,14.5006
2813,9,1,1,1,14.4096
2822,4,1,1,1,14.4049
2830,8,0,0,1,14.4933
2838,3,5,5,1,14.6881
2846,3,0,0,1,14.6264
2855,9,1,1,1,14.3422
2863,3,5,5,1,14.4232
2871,8,5,5,1,14.1765
2879,8,0,0,1,14.3828
2887,8,5,5,1,14.3563
2895,8,0,0,1,14.7791
2904,4,6,6,1,14.6848
2912,8,0,0,1,14.4561
2921,4,6,6,1,14.4328
2929,8,5,5,1,14.3048
2938,9,6,6,1,14.0295
2947,9,1,1,1,13.8612
2956,4,1,1,1,13.8830
2964,8,0,0,1,13.8127
2973,4,1,1,1,13.6883
2981,8,0,0,1,13.7540
2989,8,0,0,1,13.7806
2998,4,1,1,1,13.8281
3006,8,0,0,1,13.8414
3014,8,5,5,1,13.8756
3022,8,5,5,1,13.8686
3031,4,1,1,1,13.5804
3039,3,0,0,1,13.9604
3048,9,1,1,1,13.7996
3057,4,6,6,1,13.5629
3066,9,6,6,1,13.7685
3075,4,1,1,1,13.5239
3083,8,0,0,1,13.5627
3091,3,0,0,1,13.4791
3099,8,0,0,1,13.4883
3108,9,1,1,1,13.3331
3116,3,0,0,1,13.4341
3124,3,0,0,1,13.3618
3132,3,5,5,1,13.2632
3140,8,0,0,1,13.3237
3148,8,5,5,1,13.2325
3157,9,6,6,1,13.1668
3165,8,5,5,1,13.4932
3174,9,6,6,1,13.3183
3182,8,5,5,1,13.1274
3191,4,6,6,1,12.9263
3199,8,0,0,1,12.7380
3207,8,5,5,1,12.7497
3216,9,6,6,1,12.5513
3224,8,5,5,1,12.5136
3232,8,0,0,1,12.5247
3240,8,0,0,1,12.9318
3248,3,0,0,1,13.0268
3256,3,0,0,1,12.8215
3265,9,1,1,1,12.6254
3274,4,6,6,1,12.4649
3283,9,1,1,1,12.5733
3291,3,5,5,1,12.7327
3299,3,0,0,1,12.6967
3307,8,0,0,1,12.6789
3315,8,5,5,1,12.5126
3324,4,1,1,1,12.3158
3332,8,0,0,1,12.3252
3340,3,5,5,1,12.5409
3349,9,6,6,1,12.7005
3357,3,0,0,1,12.5729
3366,4,6,6,1,12.5638
3374,3,0,0,1,12.3385
3383,4,6,6,1,12.4384
3392,4,6,6,1,12.1727
3401,9,1,1,1,12.1969
3409,3,0,0,1,12.0752
3418,4,6,6,1,12.0288
3427,9,6,6,1,11.9612
3435,3,0,0,1,12.0014
3444,9,6,6,1,12.4941
3452,8,0,0,1,12.6094
3460,8,0,0,1,12.6639
3469,4,6,6,1,12.5217
3478,4,1,1,1,12.6878
3486,3,5,5,1,12.7210
3495,9,6,6,1,12.7725
3503,3,0,0,1,12.6991
3512,9,6,6,1,12.5093
3520,3,0,0,1,12.4753
3529,4,6,6,1,12.5070
3537,8,0,0,1,12.6680
3546,4,6,6,1,12.3032
3554,3,5,5,1,12.3857
3563,9,1,1,1,12.4637
3572,9,1,1,1,12.6259
3581,9,1,1,1,12.5214
3590,4,6,6,1,12.7610
3598,8,0,0,1,13.1377
3607,4,6,6,1,12.9232
3616,9,6,6,1,12.7116
3624,8,5,5,1,12.8579
3632,8,0,0,1,13.0909
3640,3,5,5,1,12.9058
3649,9,6,6,1,12.7786
3657,8,0,0,1,12.6381
3666,9,1,1,1,12.4256
3674,3,0,0,1,12.3626
3683,9,6,6,1,12.3109
3691,8,5,5,1,12.2506
3700,4,6,6,1,12.2123
3708,3,5,5,1,12.3512
3717,4,6,6,1,12.5758
3725,8,5,5,1,12.5055
3734,9,1,1,1,12.3745
3742,3,5,5,1,12.8174
3750,3,5,5,1,12.8278
3759,4,1,1,1,12.9216
3768,4,6,6,1,13.0684
3776,3,5,5,1,13.0979
3784,3,0,0,1,12.9985
3792,8,0,0,1,12.7997
3800,8,5,5,1,12.4787
3808,3,0,0,1,12.4200
3816,3,5,5,1,12.3292
3824,8,0,0,1,12.1799
3832,3,5,5,1,11.9733
3841,4,6,6,1,11.9021
3849,8,0,0,1,11.8809
3857,3,0,0,1,11.8851
3865,8,5,5,1,12.1483
3874,4,6,6,1,12.0071
3883,9,6,6,1,11.8852
3891,3,5,5,1,12.3950
3900,9,1,1,1,12.2182
3908,8,5,5,1,12.2130
3916,8,0,0,1,12.2803
3924,8,5,5,1,12.3962
3932,8,0,0,1,12.2300
3941,4,6,6,1,12.2252
3949,3,5,5,1,12.0748
3957,8,0,0,1,11.9952
3966,4,1,1,1,11.9851
3975,9,6,6,1,12.0321
3983,8,5,5,1,11.8493
3991,8,0,0,1,11.8456
3999,3,0,0,1,11.8076
4008,9,6,6,1,11.6813
4016,8,0,0,1,12.0754
4025,4,6,6,1,11.8715
4033,8,5,5,1,11.8280
4042,9,1,1,1,11.6388
4050,8,0,0,1,11.7438
4058,3,5,5,1,11.7905
4067,4,6,6,1,11.7391
4075,3,5,5,1,11.5178
4084,4,1,1,1,11.4181
4093,4,6,6,1,11.4241
4102,4,6,6,1,11.8709
4111,9,6,6,1,11.6350
4119,3,5,5,1,11.5657
4128,4,6,6,1,11.5585
4137,4,1,1,1,11.4149
4146,4,6,6,1,11.4498
4155,9,6,6,1,11.1723
4164,9,6,6,1,11.2826
4172,3,0,0,1,11.2296
4181,4,6,6,1,11.3607
4190,9,1,1,1,11.5164
4199,4,1,1,1,11.4885
4208,9,1,1,1,11.4320
4217,9,1,1,1,11.3317
4226,9,1,1,1,11.1500
4235,9,6,6,1,11.3568
4244,4,1,1,1,11.5650
4253,9,1,1,1,11.7308
4261,8,0,0,1,11.4976
4270,4,6,6,1,11.6388
4278,3,0,0,1,11.6187
4286,8,5,5,1,11.6716
4294,8,5,5,1,11.5538
4302,8,5,5,1,11.5155
4311,4,6,6,1,11.4352
4319,8,5,5,1,11.3557
4327,3,0,0,1,11.5879
4335,8,5,5,1,11.4192
4343,3,0,0,1,11.5323
4351,3,5,5,1,11.7127
4359,8,5,5,1,11.4781
4368,9,6,6,1,11.6409
4377,4,6,6,1,11.6273
4386,4,1,1,1,11.7684
4395,4,6,6,1,11.5778
4403,8,0,0,1,11.5034
4412,4,1,1,1,11.6716
4420,3,5,5,1,11.9712
4428,3,5,5,1,11.9140
4436,3,0,0,1,11.8012
4444,8,5,5,1,11.6357
4452,8,5,5,1,11.4450
4460,3,5,5,1,11.4413
4469,9,1,1,1,11.6488
4477,3,0,0,1,11.6466
4485,8,5,5,1,11.6563
4493,3,5,5,1,11.7968
4502,9,1,1,1,11.5670
4510,8,0,0,1,11.5445
4519,4,1,1,1,11.4505
4528,9,6,6,1,11.5028
4537,4,1,1,1,11.2603
4546,9,6,6,1,11.1102
4554,8,5,5,1,11.4211
4562,8,0,0,1,11.2544
4570,3,0,0,1,11.3679
4578,8,5,5,1,11.1820
4586,8,0,0,1,11.0133
4594,8,0,0,1,11.0999
4603,9,6,6,1,11.0819
4612,4,1,1,1,10.9536
4620,8,5,5,1,11.3676
4629,9,1,1,1,11.2369
4638,4,1,1,1,11.3761
4647,9,1,1,1,11.1649
4656,9,1,1,1,11.0318
4665,9,1,1,1,10.9726
4673,8,0,0,1,11.0081
4681,8,5,5,1,11.0062
4690,9,1,1,1,10.9809
4699,4,1,1,1,10.7516
4708,4,1,1,1,11.1082
4717,9,1,1,1,10.9814
4726,9,1,1,1,10.7810
4735,9,1,1,1,10.6094
4744,9,6,6,1,10.7615
4753,4,1,1,1,10.7716
4761,8,5,5,1,10.7380
4770,4,1,1,1,10.5394
4778,3,0,0,1,10.9671
4787,4,6,6,1,10.9199
4795,8,0,0,1,11.1399
4804,4,1,1,1,10.8415
4813,9,1,1,1,10.8665
4821,8,0,0,1,10.6944
4830,4,1,1,1,10.5424
4838,3,0,0,1,10.6867
4846,3,0,0,1,10.8122
4854,8,0,0,1,10.8775
4862,8,0,0,1,10.9303
4870,8,0,0,1,10.8869
4879,9,1,1,1,10.9133
4888,4,1,1,1,10.6973
4896,8,0,0,1,10.9505
4904,8,5,5,1,11.1014
4912,3,5,5,1,10.8945
4920,3,0,0,1,10.9457
4929,4,6,6,1,10.6883
4938,9,1,1,1,10.6078
4947,4,6,6,1,11.0442
4955,8,0,0,1,11.2969
4964,4,1,1,1,11.1391
4972,3,0,0,1,10.9553
4981,4,1,1,1,10.9166
4990,9,1,1,1,11.0996
4998,3,5,5,1,11.2896
5006,3,5,5,1,11.3291
5015,4,1,1,1,11.4404
5024,9,1,1,1,10.9991
5032,3,5,5,1,10.9546
5040,8,5,5,1,11.1195
5048,3,0,0,1,11.0715
5057,9,6,6,1,10.9904
5065,8,0,0,1,11.0594
5074,9,6,6,1,10.9900
5082,3,5,5,1,10.9665
5091,4,1,1,1,10.6692
5099,3,0,0,1,10.8963
5107,8,5,5,1,10.6953
5116,4,6,6,1,10.7083
5125,4,1,1,1,10.6124
5134,4,1,1,1,10.5045
5143,4,1,1,1,10.3815
5151,8,0,0,1,10.4177
5160,9,6,6,1,10.3905
5168,3,5,5,1,10.4728
5176,8,5,5,1,10.5233
5184,8,5,5,1,10.4060
5192,8,0,0,1,10.4164
5200,8,5,5,1,10.3020
5208,3,0,0,1,10.3854
5216,8,0,0,1,10.4760
5224,3,0,0,1,10.6181
5233,9,1,1,1,10.4663
5241,3,0,0,1,10.3399
5249,8,0,0,1,10.4355
5258,4,1,1,1,10.8585
5267,4,1,1,1,10.3882
5275,3,0,0,1,10.3195
5283,8,5,5,1,10.2302
5292,9,6,6,1,10.3042
5300,3,0,0,1,10.4174
5309,9,6,6,1,10.5585
5318,4,1,1,1,10.5382
5326,3,0,0,1,10.4786
5334,8,0,0,1,10.4012
5342,3,5,5,1,10.6995
5350,3,0,0,1,10.4621
5359,4,1,1,1,10.4140
5367,8,5,5,1,10.5360
5376,4,6,6,1,10.4215
5385,9,6,6,1,10.4387
5393,8,0,0,1,10.2980
5401,3,0,0,1,10.5299
5409,3,0,0,1,10.6344
5418,4,1,1,1,10.2778
5427,9,1,1,1,10.0640
5435,8,5,5,1,10.2820
5444,9,1,1,1,10.4523
5452,8,0,0,1,10.7060
5460,8,5,5,1,10.5445
5469,9,6,6,1,10.2649
5477,8,5,5,1,10.0543
5486,4,1,1,1,10.0668
5494,8,5,5,1,10.5475
5502,3,0,0,1,10.5748
5511,4,6,6,1,10.4036
5520,4,6,6,1,10.2622
5528,3,0,0,1,10.3112
5537,9,1,1,1,10.1541
5546,9,1,1,1,9.8902
5555,9,6,6,1,10.0219
5563,8,0,0,1,10.3948
5572,9,1,1,1,10.3271
5581,9,1,1,1,10.4472
5590,4,6,6,1,10.4518
5599,9,6,6,1,10.1706
5608,4,1,1,1,10.1346
5617,9,6,6,1,9.9418
5625,3,0,0,1,10.0727
5634,4,1,1,1,9.8744
5643,9,6,6,1,9.7781
5651,3,5,5,1,9.9707
5659,3,0,0,1,9.9993
5667,3,5,5,1,10.2677
5675,8,0,0,1,10.1428
5683,8,5,5,1,10.0793
5692,4,6,6,1,9.8275
5700,3,0,0,1,9.9829
5709,9,6,6,1,9.8246
5718,4,1,1,1,9.7552
5726,3,5,5,1,9.9987
5735,4,6,6,1,9.9642
5743,8,5,5,1,9.9932
5752,4,6,6,1,9.7491
5761,4,6,6,1,10.0145
5769,3,0,0,1,9.8915
5777,3,5,5,1,9.9133
5785,8,5,5,1,10.0618
5794,9,6,6,1,10.1337
5802,8,0,0,1,9.9239
5811,4,6,6,1,9.9911
5819,3,5,5,1,10.0857
5828,4,1,1,1,10.1605
5837,9,1,1,1,9.9040
5846,9,6,6,1,9.7682
5854,8,0,0,1,9.5162
5862,3,0,0,1,9.6996
5870,3,0,0,1,9.8812
5878,8,5,5,1,10.0002
5887,4,6,6,1,9.9277
5895,8,0,0,1,10.0575
5904,9,1,1,1,9.9410
5912,3,5,5,1,10.0447
5920,3,5,5,1,10.0893
5928,3,0,0,1,10.1908
5937,4,1,1,1,10.2503
5945,8,5,5,1,10.4673
5954,4,6,6,1,10.1983
5962,3,5,5,1,10.1139
5971,9,6,6,1,10.2014
5979,8,0,0,1,10.1404
5987,8,5,5,1,10.2801
5995,3,5,5,1,10.6398
6003,8,5,5,1,10.3218
6012,9,1,1,1,9.9745
6020,3,0,0,1,9.8899
6028,8,0,0,1,10.1849
6037,4,1,1,1,9.9716
6046,9,6,6,1,9.8885
6055,4,6,6,1,9.8820
6064,9,6,6,1,9.6742
6072,3,5,5,1,9.8418
6081,9,6,6,1,10.0010
6090,9,6,6,1,9.8861
6098,3,5,5,1,9.8650
6106,8,5,5,1,9.9776
6115,4,6,6,1,9.9468
6123,8,0,0,1,9.8786
6131,8,0,0,1,9.9272
6140,4,6,6,1,9.7728
6148,3,5,5,1,9.7510
6157,9,1,1,1,9.7128
6166,4,6,6,1,9.6585
6174,3,0,0,1,9.7187
6183,9,1,1,1,9.6244
6191,3,5,5,1,9.9022
6200,9,6,6,1,9.7389
6209,9,1,1,1,9.8994
6218,9,6,6,1,10.0146
6227,9,1,1,1,10.1950
6235,8,0,0,1,10.5849
6244,9,6,6,1,10.4853
6253,9,6,6,1,10.1811
6262,4,6,6,1,10.1318
6270,3,5,5,1,10.1120
6278,8,5,5,1,10.0530
6287,4,6,6,1,10.0552
6296,4,6,6,1,10.1233
6305,9,6,6,1,10.0610
6314,4,6,6,1,9.9506
6323,4,6,6,1,9.8911
6331,3,0,0,1,10.0562
6340,9,1,1,1,10.1071
6348,3,0,0,1,10.2226
6356,3,5,5,1,10.1239
6364,8,5,5,1,10.0255
6373,9,6,6,1,10.0402
6382,9,6,6,1,9.7626
6391,4,6,6,1,9.8866
6399,3,5,5,1,9.6977
6407,3,0,0,1,9.7688
6415,3,0,0,1,9.7198
6423,3,5,5,1,9.8757
6432,9,1,1,1,9.6948
6440,3,0,0,1,9.9122
6448,3,5,5,1,9.9932
6457,4,6,6,1,9.9186
6465,3,5,5,1,9.7741
6473,8,5,5,1,9.7165
6481,3,0,0,1,9.7546
6489,3,0,0,1,9.5677
6497,3,0,0,1,9.4163
6505,8,5,5,1,9.7629
6513,8,5,5,1,9.9790
6521,8,0,0,1,10.2288
6529,3,0,0,1,10.3488
6538,4,1,1,1,10.3234
6547,4,1,1,1,10.4339
6555,3,5,5,1,10.4587
6564,9,6,6,1,10.1665
6572,8,0,0,1,10.1158
6580,8,0,0,1,10.1765
6589,9,1,1,1,10.1289
6597,3,0,0,1,9.7638
6605,3,5,5,1,9.6144
6614,9,6,6,1,9.7138
6622,3,0,0,1,9.4898
6631,9,6,6,1,9.2828
6639,8,0,0,1,9.2597
6648,9,1,1,1,9.3585
6656,3,5,5,1,9.6682
6664,3,5,5,1,9.6674
6673,4,1,1,1,9.5920
6682,9,1,1,1,9.7087
6690,3,5,5,1,9.6388
6698,8,0,0,1,9.4126
6706,3,0,0,1,9.3987
6714,3,5,5,1,9.4602
6723,4,1,1,1,9.7616
6731,8,0,0,1,9.7105
6740,9,6,6,1,9.6773
6748,3,5,5,1,9.8467
6756,8,0,0,1,9.8922
6765,9,1,1,1,9.8670
6774,9,1,1,1,9.6272
6782,8,5,5,1,9.8295
6790,3,5,5,1,9.7830
6799,9,1,1,1,9.5382
6808,9,1,1,1,9.7430
6817,4,1,1,1,9.9884
6826,9,1,1,1,9.7747
6835,9,1,1,1,9.7345
6843,3,0,0,1,9.8871
6851,3,5,5,1,9.9473
6860,4,1,1,1,9.8388
6869,9,6,6,1,9.7248
6878,4,1,1,1,9.7224
6886,8,5,5,1,9.5750
6895,9,6,6,1,9.4742
6904,9,1,1,1,9.4535
6913,9,1,1,1,9.2800
6921,3,5,5,1,9.4501
6930,9,1,1,1,9.5807
6939,4,1,1,1,9.6751
6947,3,0,0,1,9.6298
6956,9,6,6,1,9.7570
6965,9,6,6,1,9.5416
6973,3,0,0,1,9.5702
6982,4,1,1,1,9.4539
6991,4,1,1,1,9.3708
7000,9,6,6,1,9.4648
7009,9,1,1,1,9.7747
7017,3,0,0,1,9.7741
7026,9,1,1,1,9.6748
7035,9,1,1,1,9.6242
7043,8,0,0,1,9.8509
7052,4,6,6,1,9.7187
7060,8,5,5,1,9.6465
7068,8,5,5,1,9.8590
7076,8,5,5,1,9.8484
7085,4,6,6,1,9.8471
7093,3,5,5,1,9.6893
7101,8,0,0,1,9.6712
7109,8,5,5,1,9.5367
7117,8,5,5,1,9.4945
7125,3,0,0,1,9.3828
7133,8,0,0,1,9.3134
7141,8,5,5,1,9.8146
7150,9,1,1,1,9.8447
7159,9,6,6,1,9.5944
7167,8,0,0,1,9.8504
7175,8,5,5,1,9.4801
7183,3,0,0,1,9.4400
7192,9,1,1,1,9.4805
7201,9,1,1,1,9.4409
7209,3,0,0,1,9.4244
7217,8,0,0,1,9.4289
7225,3,0,0,1,9.3631
7233,8,0,0,1,9.3729
7241,3,0,0,1,9.5051
7250,9,1,1,1,9.5844
7259,9,6,6,1,9.6846
7268,4,6,6,1,9.5313
7277,4,6,6,1,9.4106
7285,8,5,5,1,9.4509
7293,3,5,5,1,9.4704
7301,3,5,5,1,9.6117
7309,3,5,5,1,9.7854
7317,3,0,0,1,9.5783
7326,4,6,6,1,9.6367
7335,9,6,6,1,9.4672
7343,3,0,0,1,9.5161
7352,4,1,1,1,9.5744
7360,3,5,5,1,9.6093
7368,3,5,5,1,9.5553
7376,3,0,0,1,9.4245
7384,3,0,0,1,9.4686
7392,8,5,5,1,9.5270
7400,3,0,0,1,9.4475
7409,4,6,6,1,9.3915
7417,8,0,0,1,9.2544
7426,4,6,6,1,9.1862
7435,4,1,1,1,9.3792
7444,9,6,6,1,9.3508
7453,4,6,6,1,9.3164
7462,4,6,6,1,9.2340
7471,9,1,1,1,9.2322
7479,8,0,0,1,9.3337
7487,8,5,5,1,9.1846
7495,8,5,5,1,9.1714
7504,9,6,6,1,9.1573
7513,4,1,1,1,9.3029
7521,3,5,5,1,9.4048
7530,4,6,6,1,9.6904
7539,4,1,1,1,9.4319
7547,8,0,0,1,9.3309
7555,3,0,0,1,9.3597
7564,9,6,6,1,9.0697
7573,4,1,1,1,9.3703
7582,9,6,6,1,9.5703
7590,8,0,0,1,9.5763
7598,8,5,5,1,9.4289
7606,8,0,0,1,9.4653
7615,4,1,1,1,9.5644
7623,8,0,0,1,9.5287
7632,4,6,6,1,9.4635
7641,4,1,1,1,9.2650
7650,9,1,1,1,9.2529
7658,3,5,5,1,9.4656
7667,9,1,1,1,9.2284
7675,8,0,0,1,9.1632
7683,3,0,0,1,9.0693
7692,4,6,6,1,9.5055
7700,8,0,0,1,9.3218
7709,9,1,1,1,9.6914
7718,9,1,1,1,9.7671
7726,3,5,5,1,9.4567
7735,4,6,6,1,9.3449
7743,3,5,5,1,9.4498
7751,3,0,0,1,9.1591
7759,3,5,5,1,9.0672
7767,8,5,5,1,8.9598
7776,9,6,6,1,8.8985
7785,9,1,1,1,9.0104
7794,4,6,6,1,9.0063
7802,8,0,0,1,9.0152
7810,8,0,0,1,8.9628
7818,3,0,0,1,8.8897
7826,3,0,0,1,8.9607
7834,3,5,5,1,9.0896
7842,8,0,0,1,9.0445
7851,4,1,1,1,8.9827
7860,4,1,1,1,9.2061
7868,8,5,5,1,9.0682
7876,8,5,5,1,8.8698
7884,8,5,5,1,8.7384
7893,4,1,1,1,8.8176
7902,4,1,1,1,8.6555
7911,9,6,6,1,8.7034
7919,3,0,0,1,8.6398
7928,9,6,6,1,8.3457
7936,8,5,5,1,8.3970
7945,4,1,1,1,8.7939
7953,3,5,5,1,8.8446
7961,8,0,0,1,8.7193
7970,4,1,1,1,8.6425
7978,3,5,5,1,8.5336
7986,8,5,5,1,8.5242
7994,3,0,0,1,8.6131
8002,3,5,5,1,9.1135
8011,4,1,1,1,8.8088
8019,3,5,5,1,8.8117
8027,3,5,5,1,9.0478
8036,9,6,6,1,9.5718
8045,9,1,1,1,9.1662
8054,9,1,1,1,9.0057
8063,9,6,6,1,8.8605
8071,3,0,0,1,8.8323
8079,8,0,0,1,8.7261
8088,4,6,6,1,8.7505
8097,9,6,6,1,8.8463
8106,4,1,1,1,8.5996
8114,3,5,5,1,8.8282
8122,3,5,5,1,8.9090
8130,3,0,0,1,8.9282
8139,4,6,6,1,8.9703
8148,4,6,6,1,8.9508
8157,4,1,1,1,8.7529
8165,8,0,0,1,8.6107
8173,3,0,0,1,8.6149
8182,9,6,6,1,8.6787
8190,3,0,0,1,8.4909
8199,9,1,1,1,8.6875
8208,9,6,6,1,8.5392
8216,3,5,5,1,8.5855
8224,8,5,5,1,8.6686
8232,3,0,0,1,8.8783
8240,8,5,5,1,9.1550
8248,8,0,0,1,9.4569
8257,4,1,1,1,9.3688
8266,4,6,6,1,9.3264
8274,3,5,5,1,9.2978
8283,9,6,6,1,9.5137
8291,3,5,5,1,9.3453
8300,4,6,6,1,9.0244
8309,4,6,6,1,9.0450
8317,3,0,0,1,9.0417
8325,8,5,5,1,8.9674
8334,9,6,6,1,9.0664
8342,8,0,0,1,9.3337
8351,4,1,1,1,8.9686
8360,4,6,6,1,8.9038
8369,4,1,1,1,8.6832
8378,9,1,1,1,8.8537
8386,8,0,0,1,8.7812
8394,3,0,0,1,8.5545
8403,9,6,6,1,8.8013
8411,8,5,5,1,8.5783
8419,3,0,0,1,8.6265
8427,3,0,0,1,8.8954
8435,3,5,5,1,8.8427
8443,3,0,0,1,8.9160
8451,8,0,0,1,8.7929
8459,3,5,5,1,9.1324
8467,8,0,0,1,9.0998
8476,9,1,1,1,8.8472
8484,8,0,0,1,9.5496
8493,9,1,1,1,9.1247
8501,3,0,0,1,9.1763
8510,9,6,6,1,9.1979
8519,4,6,6,1,9.1400
8528,4,1,1,1,9.0043
8536,3,5,5,1,8.9519
8544,8,5,5,1,8.9307
8552,3,5,5,1,9.1150
8560,8,5,5,1,9.1827
8569,9,6,6,1,8.8940
8577,3,0,0,1,9.1442
8585,3,0,0,1,9.0465
8593,8,0,0,1,9.0838
8602,9,6,6,1,9.0741
8611,4,1,1,1,8.8738
8619,8,0,0,1,8.7581
8627,8,0,0,1,8.8136
8636,4,1,1,1,8.6903
8644,8,5,5,1,8.6658
8652,3,5,5,1,8.6656
8660,3,5,5,1,8.5154
8668,3,0,0,1,8.6195
8677,4,6,6,1,8.3436
8685,8,5,5,1,8.3551
8694,9,6,6,1,8.3805
8702,8,5,5,1,8.4098
8711,4,6,6,1,8.7370
8720,9,6,6,1,8.4666
8729,4,1,1,1,8.4259
8738,9,1,1,1,8.7219
8746,3,0,0,1,8.5400
8754,3,5,5,1,8.7794
8762,3,0,0,1,8.7402
8771,9,1,1,1,8.9231
8779,3,5,5,1,9.0559
8787,8,0,0,1,8.9280
8796,4,1,1,1,9.0720
8805,4,1,1,1,8.9252
8813,8,5,5,1,9.0203
8822,4,1,1,1,8.7450
8831,4,1,1,1,8.6262
8839,3,0,0,1,8.5534
8847,8,5,5,1,8.5391
8856,9,1,1,1,8.7981
8865,4,1,1,1,9.1200
8874,4,1,1,1,8.8933
8882,3,0,0,1,8.9565
8890,3,5,5,1,8.9226
8899,4,6,6,1,8.8907
8908,9,6,6,1,9.0139
8916,8,0,0,1,9.0064
8924,3,5,5,1,9.5609
8933,4,1,1,1,9.2598
8942,4,1,1,1,9.0756
8950,3,5,5,1,9.0086
8958,8,5,5,1,9.0285
8966,8,0,0,1,9.0194
8974,8,0,0,1,9.1147
8982,8,0,0,1,9.1342
8990,3,5,5,1,8.9151
8999,9,6,6,1,8.9578
9007,3,0,0,1,9.1188
9015,8,5,5,1,9.1339
9023,3,5,5,1,8.9168
9031,8,0,0,1,8.9367
9039,8,0,0,1,8.9468
9048,4,1,1,1,8.6667
9056,3,0,0,1,8.6411
9064,3,5,5,1,8.7212
9073,9,1,1,1,9.1841
9081,3,5,5,1,9.1267
9089,3,5,5,1,8.9637
9098,4,6,6,1,8.8002
9106,3,0,0,1,8.8790
9114,8,5,5,1,8.9458
9122,3,0,0,1,8.8548
9130,3,5,5,1,8.6700
9139,4,1,1,1,8.3761
9147,8,5,5,1,8.4516
9155,8,5,5,1,8.6771
9163,8,0,0,1,8.8842
9171,3,5,5,1,8.7208
9180,4,6,6,1,8.7570
9189,4,1,1,1,8.5903
9197,3,5,5,1,8.5804
9206,9,1,1,1,8.5311
9215,9,6,6,1,8.7872
9223,8,0,0,1,8.7375
9232,4,1,1,1,8.4219
9240,8,0,0,1,8.3956
9248,8,0,0,1,8.4168
9257,4,6,6,1,8.2158
9266,9,6,6,1,8.0694
9275,9,6,6,1,8.1429
9283,8,0,0,1,8.2366
9291,3,0,0,1,8.3199
9300,4,1,1,1,8.7159
9309,9,6,6,1,8.4835
9318,4,1,1,1,8.2997
9326,8,5,5,1,8.1345
9334,3,5,5,1,8.2682
9343,4,6,6,1,8.0939
9351,3,0,0,1,8.4599
9360,9,1,1,1,8.6126
9369,9,1,1,1,8.4494
9378,9,1,1,1,8.2867
9387,9,1,1,1,8.1951
9396,4,1,1,1,8.3590
9404,8,5,5,1,8.7265
9413,4,6,6,1,8.5953
9421,3,0,0,1,8.5743
9430,9,1,1,1,8.7319
9439,4,1,1,1,8.5076
9447,3,0,0,1,8.4179
9456,9,1,1,1,8.5262
9464,8,5,5,1,8.7305
9473,4,1,1,1,8.7224
9482,4,1,1,1,8.5621
9491,9,6,6,1,8.5071
9499,3,0,0,1,8.6843
9507,3,0,0,1,8.5060
9516,9,1,1,1,8.5115
9525,4,6,6,1,8.6325
9534,9,6,6,1,8.4627
9542,8,5,5,1,8.8084
9551,9,6,6,1,8.8225
9559,8,5,5,1,8.7765
9567,3,5,5,1,8.6664
9575,3,5,5,1,8.6408
9583,8,0,0,1,9.1072
9591,3,0,0,1,9.3076
9599,8,0,0,1,9.4461
9608,9,6,6,1,9.1965
9617,4,6,6,1,9.1266
9626,4,6,6,1,9.0568
9635,9,6,6,1,9.2254
9644,4,6,6,1,8.9987
9652,8,0,0,1,8.9313
9660,8,0,0,1,9.0560
9669,4,1,1,1,8.7502
9677,8,0,0,1,8.9169
9686,9,6,6,1,8.7460
9694,3,0,0,1,8.7607
9702,8,0,0,1,9.0447
9710,8,5,5,1,9.1499
9719,4,1,1,1,9.0512
9727,8,0,0,1,8.8964
9736,9,1,1,1,8.8286
9744,8,0,0,1,8.6618
9752,3,0,0,1,8.6554
9760,8,0,0,1,8.5085
9769,9,1,1,1,8.4442
9778,9,6,6,1,8.6900
9786,3,0,0,1,8.6543
9795,9,6,6,1,8.4506
9804,4,6,6,1,8.1798
9813,4,6,6,1,8.2635
9822,4,1,1,1,8.0989
9830,3,5,5,1,8.3416
9838,8,0,0,1,8.6477
9847,4,6,6,1,8.9582
9856,4,6,6,1,8.7225
9864,8,0,0,1,8.6158
9872,8,0,0,1,8.4418
9881,4,1,1,1,8.2354
9890,4,1,1,1,8.2735
9898,3,5,5,1,8.2972
9907,4,1,1,1,8.2870
9915,3,0,0,1,8.1867
9923,8,0,0,1,8.2596
9932,9,1,1,1,8.2323
9941,4,1,1,1,8.1830
9950,4,1,1,1,7.9687
9958,3,0,0,1,8.2043
9966,3,0,0,1,8.0814
9974,8,5,5,1,8.1809
9983,4,1,1,1,8.2472
9991,8,0,0,1,8.2910
10000,4,6,6,1,8.0380
10009,9,1,6,0,8.4075
10018,9,1,6,0,8.7600
10026,3,0,5,0,8.9559
10035,9,6,1,0,9.6057
10044,9,1,6,0,9.4576
10053,4,1,6,0,9.5965
10061,3,5,0,0,9.6004
10070,4,1,6,0,9.5671
10078,3,5,0,0,9.6853
10087,4,1,6,0,9.5321
10095,3,0,5,0,9.8757
10103,8,0,5,0,10.2443
10112,9,1,6,0,10.2424
10120,3,0,5,0,10.6274
10129,9,6,1,0,10.3184
10137,3,0,0,1,10.5418
10145,3,0,5,0,10.4795
10153,8,0,5,0,10.2924
10161,8,5,0,0,10.4430
10170,4,1,6,0,10.4076
10178,8,5,0,0,10.4388
10186,3,5,0,0,10.3887
10194,3,0,5,0,10.2777
10203,9,1,6,0,10.0344
10211,3,0,0,1,10.1413
10220,9,1,6,0,10.0690
10228,3,5,0,0,10.2071
10237,9,1,6,0,10.0465
10246,9,6,1,0,10.3960
10254,8,0,5,0,10.7246
10263,9,1,1,1,10.7731
10271,8,0,5,0,10.7870
10280,9,1,6,0,10.4381
10289,4,1,5604,0,10.2317
10297,8,5,0,0,10.1012
10306,9,6,1,0,10.2635
10314,8,5,0,0,10.5246
10323,9,6,1,0,11.0431
10331,3,5,0,0,11.0789
10340,9,6,1,0,11.0140
10348,8,0,5,0,10.8381
10356,3,0,0,1,10.6095
10365,4,6,1,0,10.3809
10374,4,1,6,0,10.3701
10383,9,6,6,1,10.9477
10392,9,1,1,1,10.7165
10401,9,1,6,0,10.5151
10409,8,5,0,0,10.5679
10417,3,5,5,1,11.0188
10425,8,5,0,0,10.8727
10434,9,6,6,1,10.7276
10443,9,6,1,0,10.9045
10451,3,0,0,1,10.9365
10459,3,5,0,0,10.7420
10468,9,6,6,1,11.3003
10477,4,6,1,0,10.9685
10486,9,6,6,1,10.8489
10494,8,0,5,0,10.6238
10502,8,0,5,0,10.4288
10511,4,6,1,0,10.4528
10520,4,6,1,0,10.3909
10528,8,0,0,1,10.5245
10537,4,6,1,0,10.1376
10545,3,0,0,1,10.1288
10553,8,0,0,1,9.8542
10562,4,1,6,0,10.0870
10571,4,6,1,0,10.2949
10580,9,6,1,0,10.4752
10588,3,0,0,1,10.4293
10596,3,0,0,1,10.3331
10604,8,0,0,1,9.9974
10613,9,1,1,1,9.6891
10621,8,5,0,0,9.9864
10630,9,1,6,0,9.9562
10638,8,0,5,0,10.1572
10647,9,6,30660,0,9.9837
10656,4,1,6,0,9.9151
10664,8,0,5,0,9.8523
10673,9,6,1,0,9.5589
10682,9,1,1,1,9.6413
10690,8,5,0,0,9.5871
10699,4,1,0,0,9.5891
10707,3,5,5,1,9.6036
10715,8,5,0,0,9.4669
10723,3,0,5,0,9.3903
10732,4,1,6,0,9.8063
10741,4,6,1,0,9.4667
10749,8,5,0,0,9.8898
10758,9,1,0,0,9.6976
10767,4,6,1,0,9.5701
10775,3,0,0,1,9.8759
10783,3,5,5,1,9.8630
10792,4,6,1,0,9.5478
10800,8,0,0,1,9.8247
10809,4,6,6,1,9.4021
10818,9,1,6,0,9.6453
10827,9,1,1,1,9.5134
10836,9,1,1,1,9.6422
10845,9,6,6,1,9.5564
10853,3,0,0,1,9.6627
10861,8,5,5,1,9.6221
10870,4,6,1,0,9.3628
10878,8,5,0,0,9.5273
10887,9,1,1,1,9.4148
10895,8,5,5,1,9.4086
10904,4,1,1,1,9.0595
10912,3,5,5,1,8.8469
10920,8,5,5,1,8.6529
10928,3,5,5,1,9.0848
10937,9,6,6,1,8.8203
10946,9,6,6,1,8.5501
10954,8,5,5,1,8.4536
10962,8,5,5,1,8.8194
10970,3,5,5,1,8.7913
10978,8,0,0,1,8.8893
10987,9,1,1,1,8.8076
10995,8,5,5,1,8.9228
11004,9,6,6,1,8.9151
11012,8,5,5,1,9.0173
11021,9,6,6,1,8.9251
11029,3,0,0,1,8.6933
11038,4,6,6,1,8.9111
11046,3,5,5,1,9.3117
11055,4,6,1,0,9.0458
11063,8,5,5,1,9.1814
11071,8,5,5,1,9.2281
11079,8,5,5,1,9.0280
11087,3,0,0,1,9.1703
11095,3,0,5,0,9.1035
11103,8,0,0,1,9.1425
11112,9,1,1,1,8.9738
11121,9,1,1,1,8.9149
11129,8,5,5,1,8.9857
11138,9,1,1,1,8.9648
11146,3,0,0,1,8.8325
11154,8,5,5,1,8.7500
11163,4,6,1,0,9.0212
11171,8,5,5,1,9.0730
11180,4,1,1,1,9.0885
11188,3,5,5,1,9.2062
11197,9,6,6,1,8.7633
11206,9,6,36044,0,9.0217
11214,8,0,0,1,9.0361
11223,4,6,6,1,9.1285
11232,9,6,6,1,8.9047
11240,8,5,5,1,9.1765
11249,9,1,1,1,8.9417
11257,8,0,0,1,8.7492
11265,3,0,0,1,8.8965
11273,3,5,5,1,8.7448
11281,3,5,5,1,8.8595
11290,9,1,1,1,8.8083
11299,9,1,1,1,8.6526
11308,9,6,6,1,8.4822
11317,9,1,1,1,8.5864
11326,9,6,6,1,8.5658
11334,3,0,0,1,8.5208
11343,4,1,1,1,8.6395
11351,8,5,5,1,8.6890
11360,9,1,1,1,8.4511
11368,3,0,0,1,8.4797
11376,3,0,0,1,8.3768
11385,9,1,1,1,8.4889
11393,8,5,5,1,8.3276
11402,9,1,1,1,8.2777
11411,9,6,6,1,8.0703
11419,3,0,0,1,8.1890
11427,3,5,5,1,8.2126
11436,9,6,6,1,8.2066
11445,9,1,1,1,8.3289
11453,3,5,5,1,8.3462
11461,8,5,5,1,8.1673
11469,8,5,5,1,8.1577
11478,9,1,1,1,8.0498
11487,9,1,1,1,7.9201
11495,8,0,0,1,8.3271
11503,8,0,0,1,8.2497
11511,8,5,5,1,8.4365
11520,4,1,1,1,8.6788
11528,8,5,5,1,8.6559
11537,9,1,1,1,8.3511
11545,8,0,0,1,8.7879
11553,8,5,5,1,8.8243
11561,8,5,5,1,8.6286
11569,3,5,5,1,8.5855
11577,8,5,5,1,8.4882
11586,9,1,1,1,8.3668
11594,3,5,5,1,8.6083
11602,8,5,5,1,8.5204
11610,8,0,4970,0,8.8213
11619,4,6,6,1,8.9251
11628,4,1,37052,0,9.0108
11637,9,1,37052,0,9.0481
11645,3,5,5,1,9.3318
11653,3,5,5,1,9.2960
11661,3,0,0,1,9.2383
11670,4,6,6,1,9.0874
11679,9,6,6,1,8.6789
11687,8,0,0,1,8.6276
11696,9,6,6,1,8.8511
11704,8,5,5,1,8.6149
11713,9,6,6,1,8.5664
11721,8,0,0,1,8.5807
11729,8,0,0,1,8.6117
11737,8,0,0,1,8.6515
11746,9,1,1,1,8.5489
11755,4,6,1,0,8.5910
11763,8,5,5,1,8.8388
11772,9,6,6,1,8.5008
11780,8,0,0,1,8.3949
11788,8,0,0,1,8.3280
11797,4,1,37052,0,8.4804
11806,9,1,1,1,8.3077
11814,3,0,0,1,8.5258
11823,4,1,1,1,8.7464
11832,9,6,6,1,8.6591
11841,9,6,6,1,8.4652
11849,8,0,0,1,8.4475
11858,9,6,6,1,8.2873
11867,4,6,6,1,8.2259
11875,3,0,0,1,8.6671
11883,8,5,5,1,8.5442
11891,3,5,5,1,8.8224
11900,4,6,6,1,8.6345
11909,4,6,6,1,8.8274
11918,4,6,6,1,8.6454
11926,3,5,5,1,8.7029
11934,3,0,0,1,8.5045
11943,9,6,6,1,8.3496
11951,3,5,5,1,8.4355
11959,8,5,5,1,8.3792
11968,4,1,1,1,8.3120
11976,3,5,5,1,8.5864
11985,4,6,6,1,8.3229
11994,9,1,1,1,8.5135
12003,4,1,1,1,8.6882
12012,9,6,6,1,8.6859
12020,3,0,0,1,8.5668
12028,3,0,0,1,8.4391
12036,8,0,0,1,8.3205
12045,4,1,1,1,8.1052
12053,8,5,5,1,8.1634
12061,3,0,0,1,8.3818
12070,9,6,6,1,8.3555
12078,3,0,0,1,8.3334
12087,9,1,1,1,8.5483
12096,9,6,6,1,8.4522
12105,4,6,6,1,8.1607
12113,8,5,5,1,8.1365
12122,9,6,37052,0,8.1349
12131,4,6,6,1,8.0063
12140,4,6,6,1,8.3377
12149,9,1,1,1,8.5506
12157,3,5,5,1,8.2676
12166,9,6,6,1,8.1010
12174,8,0,0,1,8.1113
12182,3,5,5,1,7.8310
12191,4,6,6,1,7.9079
12199,8,5,5,1,7.7167
12207,8,0,0,1,7.7132
12216,9,1,1,1,7.6019
12224,3,0,0,1,7.7651
12232,3,0,0,1,8.1347
12240,3,0,0,1,7.9789
12249,4,1,1,1,7.8053
12258,4,1,1,1,8.1201
12266,8,0,0,1,8.0731
12274,8,0,0,1,7.9479
12282,3,0,0,1,7.9449
12291,4,1,1,1,7.7670
12299,3,0,0,1,7.8119
12308,4,6,6,1,7.7758
12316,3,0,0,1,7.7000
12325,9,1,1,1,7.9727
12333,3,0,0,1,7.9438
12341,8,0,0,1,8.4009
12350,4,1,1,1,8.3053
12359,4,6,6,1,8.0067
12367,8,5,5,1,7.8659
12375,3,5,5,1,7.9548
12384,9,1,1,1,7.9629
12392,8,0,0,1,8.1139
12400,3,0,0,1,7.8427
12409,4,6,6,1,7.6090
12418,4,6,6,1,7.7066
12427,9,6,6,1,7.8354
12435,8,5,5,1,7.9877
12444,4,6,6,1,8.0516
12453,4,1,1,1,7.6974
12461,3,5,5,1,7.8046
12469,3,5,5,1,8.1013
12477,3,0,0,1,7.8146
12486,9,1,1,1,7.8678
12494,8,5,5,1,7.9834
12503,9,1,1,1,7.8563
12511,3,5,5,1,7.7134
12519,3,0,0,1,7.6859
12528,9,6,6,1,7.7667
12536,8,5,5,1,7.7717
12545,9,6,6,1,7.6173
12553,8,0,0,1,7.5738
12562,9,6,6,1,7.4796
12571,4,6,6,1,7.4122
12580,9,6,6,1,7.5338
12588,8,0,0,1,7.4153
12597,4,6,6,1,7.4434
12606,4,6,6,1,7.7054
12614,8,0,0,1,7.6254
12622,8,0,0,1,7.6169
12630,8,5,5,1,7.7899
12638,8,5,5,1,7.7215
12646,8,5,5,1,7.5542
12654,8,0,0,1,7.6924
12662,3,0,0,1,8.4895
12670,3,0,0,1,8.0615
12679,9,1,1,1,7.8053
12687,3,5,5,1,7.8027
12695,8,5,5,1,7.8365
12704,9,1,1,1,7.7079
12712,8,5,5,1,7.9809
12720,8,5,5,1,7.8329
12728,8,5,5,1,7.8565
12737,4,6,6,1,7.7562
12746,4,6,6,1,7.7307
12754,8,0,0,1,7.7929
12762,8,5,5,1,7.7595
12770,8,0,0,1,7.8564
12779,9,1,1,1,7.7796
12787,3,5,5,1,7.7690
12796,9,1,1,1,7.7785
12804,3,0,0,1,7.7612
12813,9,1,1,1,7.6868
12821,3,0,0,1,7.6125
12829,8,0,0,1,8.1652
12838,4,1,1,1,8.1668
12847,4,1,1,1,8.1961
12855,8,5,5,1,8.0375
12863,3,0,0,1,8.1981
12871,3,0,0,1,8.4019
12880,9,6,6,1,8.1878
12889,9,1,1,1,7.8903
12898,4,1,1,1,7.7922
12906,8,5,5,1,7.7794
12914,8,5,5,1,7.8491
12923,4,1,1,1,7.9294
12931,8,5,5,1,8.0875
12940,4,6,6,1,8.0524
12949,4,6,6,1,7.9443
12958,9,6,6,1,7.9520
12966,8,5,5,1,7.7615
12974,8,5,5,1,7.8980
12982,8,5,5,1,7.7404
12990,8,0,0,1,7.8556
12999,9,1,1,1,7.9056
13008,4,6,6,1,8.0112
13016,3,5,5,1,8.4663
13025,4,6,6,1,7.9853
13033,8,0,0,1,7.9484
13042,9,6,6,1,7.8180
13051,9,1,1,1,7.8020
13059,8,0,0,1,8.0935
13067,8,5,5,1,8.1070
13076,9,6,6,1,8.0690
13084,3,0,0,1,8.3330
13093,4,6,6,1,8.1839
13101,8,0,0,1,8.1589
13109,8,5,5,1,8.2538
13118,9,1,1,1,8.3922
13127,9,1,1,1,8.1046
13136,4,6,6,1,8.3666
13144,8,5,5,1,8.3580
13152,3,5,5,1,8.5611
13161,9,6,6,1,8.4487
13169,8,0,0,1,8.0863
13177,3,0,0,1,8.2080
13185,8,0,0,1,8.4757
13193,3,5,5,1,8.7015
13201,8,0,0,1,8.4433
13210,9,6,6,1,8.5029
13219,9,1,1,1,8.4435
13227,3,0,0,1,8.3475
13235,8,5,5,1,8.2175
13244,9,1,1,1,8.1344
13252,3,5,5,1,8.1547
13260,3,0,0,1,8.1650
13268,8,0,0,1,8.3532
13276,3,0,0,1,8.2794
13285,4,6,6,1,8.1198
13293,8,5,5,1,8.2387
13301,8,5,5,1,8.2735
13309,3,5,5,1,8.2976
13318,9,1,1,1,8.0733
13326,8,0,0,1,7.9098
13335,4,1,1,1,8.2184
13343,8,0,0,1,8.1312
13352,9,1,1,1,8.0280
13360,3,0,0,1,8.0967
13369,9,6,6,1,7.9834
13377,3,5,5,1,7.9921
13385,8,5,5,1,8.0863
13393,3,0,0,1,8.1228
13401,3,0,0,1,8.1523
13409,3,0,0,1,8.1965
13417,8,0,0,1,8.1590
13426,4,6,6,1,8.0947
13434,3,0,0,1,8.5071
13443,4,6,6,1,8.3008
13452,4,1,37052,0,8.2776
13461,4,1,1,1,8.4039
13470,4,1,1,1,8.0133
13479,4,6,6,1,7.9717
13487,8,0,0,1,8.0197
13496,4,6,6,1,7.7669
13504,8,5,5,1,7.8220
13512,8,0,0,1,7.9038
13521,9,1,1,1,8.0396
13530,4,1,1,1,8.0083
13538,3,0,0,1,8.2653
13546,8,0,0,1,8.3644
13555,4,1,1,1,8.2378
13563,3,0,0,1,8.1403
13572,4,6,6,1,8.2173
13581,9,6,6,1,8.1701
13589,8,5,5,1,7.9771
13597,8,5,5,1,7.8539
13606,4,1,1,1,8.0633
13615,4,1,1,1,8.0013
13623,3,0,0,1,8.0789
13631,3,0,0,1,8.1067
13639,8,0,0,1,8.1037
13648,9,1,1,1,8.1790
13657,4,6,6,1,7.9120
13666,9,6,6,1,7.9443
13675,9,1,1,1,7.7995
13683,8,5,5,1,7.8717
13692,9,6,6,1,7.7903
13700,3,5,5,1,7.9127
13708,8,5,5,1,7.8142
13717,9,6,6,1,7.8777
13725,3,0,0,1,7.6595
13734,4,6,6,1,7.5930
13743,4,1,1,1,7.8358
13752,4,1,1,1,7.8284
13760,3,0,0,1,7.7342
13768,3,5,5,1,7.9839
13776,8,5,5,1,8.1826
13784,3,0,0,1,8.0420
13792,3,5,5,1,8.0853
13800,3,5,5,1,7.9604
13808,3,0,0,1,7.7371
13817,4,6,6,1,7.7299
13825,8,5,5,1,7.8104
13833,3,0,0,1,7.7432
13842,9,6,6,1,7.9255
13851,9,1,1,1,7.7796
13860,4,1,1,1,7.8499
13869,4,6,23967,0,8.1296
13878,9,1,1,1,8.0147
13886,8,0,0,1,7.9043
13894,8,0,0,1,7.7844
13902,8,5,5,1,7.7989
13910,8,5,5,1,7.5775
13919,9,6,6,1,7.5604
13927,8,0,0,1,7.5518
13935,8,0,0,1,7.3381
13943,3,5,5,1,7.4551
13951,8,0,0,1,7.4892
13959,8,0,0,1,7.6790
13967,3,0,0,1,7.8655
13975,8,5,5,1,7.8008
13983,3,0,0,1,7.7883
13992,9,1,1,1,7.8051
14000,3,0,0,1,7.6163
14008,3,0,0,1,7.8274
14016,8,0,0,1,7.9449
14025,9,6,6,1,7.9277
14034,9,6,6,1,7.8342
14043,4,6,6,1,8.1259
14051,8,5,5,1,7.9783
14059,3,5,5,1,8.0087
14067,3,5,5,1,8.2254
14076,4,1,1,1,8.4389
14084,8,5,5,1,8.2617
14092,3,5,5,1,8.2734
14101,9,1,1,1,8.1648
14110,4,6,6,1,7.8718
14118,8,0,0,1,7.7431
14127,9,1,1,1,7.7203
14136,9,6,6,1,7.8009
14144,3,5,5,1,7.8679
14153,4,6,6,1,7.8372
14162,4,1,1,1,7.7452
14171,9,1,1,1,8.1092
14179,3,5,5,1,8.2003
14188,4,1,1,1,8.1049
14196,3,5,5,1,8.0278
14205,4,1,1,1,7.9639
14213,8,5,5,1,8.1239
14222,4,1,1,1,7.9942
14230,3,0,0,1,7.9443
14238,8,0,0,1,8.1167
14246,8,5,5,1,8.1576
14254,3,0,0,1,8.2184
14262,3,5,5,1,8.4733
14271,9,1,1,1,8.3036
14280,4,6,6,1,8.0211
14289,9,1,1,1,7.8521
14298,9,1,1,1,7.8012
14307,4,6,6,1,7.9405
14316,9,1,1,1,7.7872
14325,4,1,1,1,7.5440
14334,4,6,6,1,7.5879
14342,8,0,0,1,7.6903
14351,4,1,1,1,7.7812
14359,8,0,0,1,8.0182
14367,3,0,0,1,8.3898
14376,9,6,6,1,8.1180
14384,3,0,0,1,8.1196
14393,9,6,6,1,8.0262
14401,8,0,0,1,8.1224
14410,9,6,6,1,8.1671
14418,3,0,0,1,8.0327
14426,8,5,5,1,8.4452
14434,8,5,5,1,8.4927
14442,3,5,5,1,8.3605
14451,9,1,1,1,8.3336
14459,8,5,5,1,8.3893
14468,4,6,37052,0,8.3620
14477,4,1,1,1,8.0417
14485,8,5,5,1,7.9752
14493,8,5,5,1,7.7727
14502,4,6,6,1,8.1083
14511,9,1,1,1,7.8520
14520,4,1,1,1,7.8742
14528,3,5,5,1,8.0596
14537,4,1,1,1,7.9157
14546,4,6,6,1,7.9309
14554,3,0,0,1,7.6370
14563,4,6,6,1,7.6412
14572,9,1,1,1,7.9447
14580,3,5,5,1,7.8145
14589,4,1,1,1,7.6540
14598,4,6,6,1,7.5133
14606,3,0,0,1,7.8320
14615,4,1,1,1,8.0438
14623,8,0,0,1,7.7524
14631,8,0,0,1,7.7311
14640,4,1,1,1,7.6206
14648,3,0,0,1,7.9701
14657,4,1,1,1,8.2921
14665,3,5,5,1,8.2720
14674,4,6,6,1,8.3690
14683,4,6,6,1,8.2371
14691,3,5,5,1,8.1965
14700,4,1,1,1,7.8406
14709,4,6,6,1,7.5706
14718,9,1,1,1,7.6581
14727,9,1,1,1,7.9231
14736,9,6,6,1,8.0067
14744,8,0,0,1,7.6697
14752,8,0,0,1,7.6753
14761,4,1,1,1,7.7490
14769,3,5,5,1,7.8145
14777,3,5,5,1,8.3783
14786,4,1,1,1,8.3425
14794,3,5,5,1,8.2190
14802,3,0,0,1,8.3067
14811,9,1,1,1,8.0997
14820,9,6,6,1,7.9606
14829,4,1,1,1,8.4135
14837,3,0,0,1,8.2151
14846,4,6,6,1,7.9940
14854,3,0,0,1,8.2054
14863,9,6,6,1,8.0749
14871,3,0,0,1,8.2892
14880,9,1,1,1,7.9946
14889,4,6,6,1,8.1656
14897,3,0,0,1,7.8373
14906,4,1,1,1,7.8827
14915,9,1,1,1,7.8611
14924,4,1,1,1,7.7524
14932,8,0,0,1,7.8548
14940,8,0,0,1,8.0163
14949,4,1,1,1,7.6925
14957,3,5,5,1,7.5729
14965,3,0,0,1,7.6576
14973,3,0,0,1,7.9962
14981,8,5,5,1,7.7749
14989,3,5,5,1,7.7090
14998,9,1,1,1,7.5422
15007,9,6,6,1,7.7058
15016,9,6,6,1,8.2467
15025,4,6,6,1,7.8511
15033,8,0,0,1,7.8262
15041,3,0,0,1,7.6411
15049,8,5,5,1,7.5656
15058,9,6,6,1,7.3485
15067,4,6,6,1,7.1810
15076,4,1,1,1,7.3362
15085,9,1,1,1,7.3816
15093,8,0,0,1,7.5776
15101,8,5,5,1,7.6697
15110,9,6,6,1,7.5025
15119,9,6,6,1,7.5414
15127,3,0,0,1,7.5036
15135,8,5,5,1,7.5650
15143,8,0,0,1,7.8524
15152,4,6,6,1,8.0469
15161,9,1,1,1,7.7703
15169,3,0,0,1,7.9167
15178,9,1,1,1,8.1681
15186,8,5,5,1,7.8809
15194,3,0,0,1,7.9891
15202,3,5,5,1,7.6889
15211,9,1,1,1,7.6892
15219,8,5,5,1,7.7890
15227,3,5,5,1,8.1301
15235,8,0,0,1,7.8452
15244,9,6,6,1,7.7751
15253,9,6,6,1,7.7290
15262,9,1,1,1,7.8454
15270,8,5,5,1,7.6986
15279,4,1,1,1,7.7150
15287,8,5,5,1,7.8848
15295,3,5,5,1,8.3624
15303,8,5,5,1,8.2050
15311,8,0,0,1,8.3242
15319,8,5,5,1,8.1355
15328,4,6,6,1,8.1885
15337,4,6,6,1,8.0553
15346,9,6,6,1,8.1293
15355,4,1,1,1,8.3158
15363,8,5,5,1,8.4813
15372,4,6,6,1,8.3360
15380,3,0,0,1,8.0254
15388,8,5,5,1,7.9972
15397,9,6,6,1,8.2547
15405,3,5,5,1,8.3233
15413,3,5,5,1,8.5440
15421,8,5,5,1,8.4022
15429,3,0,0,1,8.8321
15437,3,5,5,1,9.3653
15446,9,6,6,1,8.8982
15454,8,5,5,1,8.5468
15463,4,1,1,1,8.3859
15471,8,5,5,1,7.9809
15480,4,1,1,1,7.9807
15489,4,1,1,1,7.9195
15497,3,5,5,1,8.4606
15506,9,1,1,1,8.3624
15515,9,1,1,1,8.0468
15523,8,5,5,1,8.0706
15531,8,5,5,1,8.1571
15540,9,1,1,1,8.1440
15549,4,1,1,1,8.1886
15557,3,0,0,1,8.1190
15565,8,0,0,1,8.3889
15574,9,1,1,1,8.0337
15583,9,1,1,1,7.8557
15592,9,6,6,1,7.8514
15601,9,6,6,1,7.6549
15609,8,0,0,1,7.8064
15618,4,1,1,1,7.8587
15626,8,5,5,1,7.6766
15634,8,5,5,1,7.6452
15642,8,0,0,1,7.9473
15650,8,0,0,1,7.9200
15658,3,5,5,1,8.1862
15667,4,6,6,1,8.0686
15676,4,1,1,1,8.0555
15685,4,1,1,1,7.9822
15693,8,0,0,1,7.8742
15701,3,0,0,1,8.0266
15709,8,0,0,1,8.1396
15717,8,5,5,1,8.1146
15725,3,5,5,1,8.3143
15734,9,1,1,1,7.8726
15742,3,5,5,1,8.1466
15751,4,6,6,1,8.2738
15760,4,6,6,1,8.2894
15769,9,1,1,1,7.9740
15777,3,5,5,1,7.9353
15785,8,0,0,1,7.9961
15794,9,1,1,1,8.0607
15803,9,6,6,1,8.1528
15811,8,5,5,1,7.9369
15820,9,1,1,1,8.0665
15829,4,1,1,1,7.8571
15837,3,5,5,1,7.8214
15846,9,1,1,1,7.7787
15855,9,6,6,1,7.9086
15864,4,1,1,1,7.8842
15872,3,5,5,1,7.9208
15880,8,0,0,1,8.3712
15888,3,5,5,1,8.5397
15897,9,6,6,1,8.4053
15905,8,5,5,1,8.1289
15913,8,0,0,1,8.4899
15922,4,6,6,1,8.3630
15931,4,1,1,1,8.2029
15940,4,6,6,1,7.8226
15948,8,0,0,1,7.8209
15956,8,5,5,1,7.6561
15965,9,1,1,1,7.7090
15973,3,0,0,1,7.8794
15982,9,6,6,1,7.7713
15991,4,6,6,1,7.5307
15999,8,0,0,1,7.7028
16008,9,1,1,1,7.7281
16016,3,0,0,1,7.5798
16025,4,1,1,1,7.7834
16034,9,1,1,1,7.5319
16043,9,1,1,1,7.3445
16051,8,0,0,1,7.4080
16059,3,5,5,1,7.5627
16067,8,0,0,1,7.8825
16076,9,1,1,1,7.5994
16085,4,6,6,1,7.8074
16094,4,1,1,1,7.5838
16102,3,5,5,1,7.8205
16110,8,5,5,1,8.0924
16119,4,6,6,1,8.1615
16127,8,0,0,1,7.8239
16136,4,6,6,1,7.8601
16145,4,1,1,1,7.7904
16153,8,0,0,1,7.6961
16161,3,5,5,1,7.7909
16169,3,5,5,1,8.1070
16178,4,6,6,1,8.0502
16187,9,6,6,1,7.9452
16195,8,0,0,1,8.0182
16203,8,0,0,1,7.9938
16211,3,5,5,1,7.8815
16219,3,0,0,1,7.9523
16228,4,1,1,1,7.8461
16236,8,0,0,1,7.9102
16244,8,0,0,1,7.8714
16252,8,5,5,1,7.8761
16261,4,1,1,1,7.6756
16270,9,6,6,1,7.8310
16279,9,1,1,1,7.6863
16287,3,0,0,1,8.1421
16296,9,6,6,1,8.2408
16304,8,0,0,1,8.2177
16312,8,0,0,1,8.1309
16320,3,5,5,1,7.9680
16329,9,6,6,1,7.8989
16338,4,6,6,1,7.8918
16347,9,6,6,1,7.9515
16356,9,1,1,1,7.8330
16365,4,1,1,1,7.9187
16374,9,1,1,1,7.9362
16383,4,6,6,1,8.0727
16391,8,5,5,1,7.9366
16399,8,5,5,1,8.2632
16407,3,5,5,1,7.9331
16416,9,1,1,1,7.8126
16424,3,0,0,1,7.8983
16432,3,0,0,1,8.4052
16440,8,5,5,1,8.1946
16449,4,1,1,1,8.0278
16458,4,1,1,1,7.8231
16466,8,5,5,1,7.6148
16475,4,1,1,1,7.3654
16484,4,1,1,1,7.2093
16492,3,0,0,1,7.1941
16500,8,5,5,1,7.6454
16509,4,6,6,1,7.9755
16518,4,6,6,1,7.8819
16526,8,0,0,1,8.0997
16535,4,1,1,1,8.2412
16544,9,1,1,1,8.4394
16553,4,1,1,1,8.5026
16562,9,6,6,1,8.1732
16571,9,1,1,1,8.1221
16580,4,6,6,1,7.8122
16588,3,0,0,1,8.0859
16597,9,1,1,1,7.8354
16605,8,5,5,1,7.7407
16614,4,6,6,1,7.7062
16622,8,0,0,1,8.0187
16631,4,6,6,1,8.0638
16640,4,6,6,1,7.8527
16648,3,0,0,1,7.7202
16656,3,5,5,1,7.8788
16665,4,6,6,1,7.8783
16674,4,6,6,1,7.7021
16683,9,1,1,1,7.5786
16692,9,1,1,1,7.5614
16700,8,0,0,1,7.6243
16708,3,5,5,1,7.7957
16717,4,1,1,1,7.7232
16726,9,1,1,1,7.6677
16734,8,0,0,1,7.8945
16742,8,0,0,1,7.9166
16750,8,5,5,1,7.7869
16759,4,6,6,1,7.7166
16767,3,5,5,1,7.5951
16776,9,1,1,1,7.6737
16784,3,0,0,1,7.7315
16793,4,1,1,1,7.6188
16801,8,0,0,1,7.9328
16809,3,0,0,1,8.3128
16818,9,6,6,1,7.9994
16826,8,5,5,1,7.8242
16835,4,6,6,1,7.6111
16844,4,6,6,1,7.5205
16852,3,0,0,1,7.6605
16861,4,6,6,1,7.5250
16869,3,5,5,1,7.8038
16877,3,0,0,1,8.2942
16885,8,0,0,1,8.4107
16894,4,6,6,1,8.2747
16903,9,6,6,1,8.1279
16912,9,6,6,1,7.8704
16920,8,5,5,1,8.0013
16928,3,0,0,1,8.2856
16937,4,1,1,1,8.2091
16946,4,6,6,1,8.3726
16954,8,0,0,1,8.7753
16962,3,5,5,1,8.7804
16971,4,6,6,1,8.3217
16979,8,0,0,1,8.3913
16988,4,6,6,1,8.0118
16997,9,6,6,1,7.9617
17005,8,0,0,1,8.3424
17014,9,1,1,1,8.3766
17023,9,6,6,1,8.2793
17032,4,1,1,1,7.8990
17040,3,5,5,1,8.3075
17049,9,1,1,1,8.0055
17058,9,6,6,1,8.2843
17067,9,6,6,1,8.3276
17075,8,0,0,1,8.0969
17083,8,0,0,1,8.2866
17091,8,5,5,1,8.0654
17099,8,0,0,1,8.0723
17107,3,0,0,1,8.6034
17115,3,0,0,1,8.5104
17123,3,5,5,1,8.5384
17131,3,0,0,1,8.7366
17139,3,5,5,1,8.5062
17147,8,5,5,1,8.2992
17156,4,1,1,1,8.0531
17165,9,6,6,1,7.9012
17173,3,0,0,1,7.9766
17182,4,6,6,1,8.1402
17191,4,1,1,1,7.8126
17200,4,6,6,1,8.0260
17208,3,5,5,1,8.4542
17216,3,0,0,1,8.3272
17224,3,5,5,1,8.2103
17232,3,0,0,1,8.4389
17240,3,0,0,1,8.5080
17248,3,5,5,1,8.6243
17257,9,6,6,1,8.3685
17265,3,5,5,1,8.3995
17273,3,0,0,1,8.3802
17282,9,6,6,1,8.2472
17290,8,5,5,1,8.3531
17298,8,5,5,1,8.1688
17307,9,6,6,1,8.3627
17315,8,5,5,1,8.2619
17323,3,0,0,1,8.1899
17331,8,0,0,1,8.5465
17340,4,6,6,1,8.2614
17348,8,5,5,1,8.1906
17356,3,5,5,1,8.1931
17365,9,1,1,1,8.0625
17374,4,6,6,1,8.1881
17382,3,5,5,1,8.2402
17391,9,6,6,1,8.2737
17400,4,6,6,1,8.1175
17409,4,1,1,1,8.1131
17418,9,1,1,1,7.9361
17427,4,6,6,1,7.9379
17435,8,0,0,1,7.9547
17443,8,5,5,1,8.2628
17452,4,1,1,1,8.1684
17460,3,5,5,1,8.4878
17469,4,6,6,1,8.6067
17478,9,6,6,1,8.3845
17486,3,5,5,1,8.7096
17494,3,0,0,1,8.6569
17503,4,6,6,1,8.5370
17512,9,1,1,1,8.8020
17520,8,5,5,1,8.5979
17529,4,1,1,1,8.5714
17538,4,1,1,1,8.6160
17546,8,5,5,1,8.3665
17555,9,1,1,1,8.4140
17564,9,1,1,1,8.9125
17572,3,0,0,1,8.5656
17580,8,0,0,1,8.4400
17588,8,0,0,1,8.6078
17596,8,5,5,1,8.2296
17604,3,5,5,1,8.1822
17612,3,5,5,1,8.1520
17620,3,5,5,1,8.2622
17629,4,6,6,1,8.1839
17638,4,1,1,1,8.0037
17647,9,6,6,1,8.3266
17656,9,6,6,1,8.2866
17664,3,0,0,1,8.3291
17672,8,5,5,1,8.5732
17681,9,6,6,1,8.3627
17690,9,6,6,1,8.0331
17698,3,0,0,1,8.1916
17707,4,6,6,1,8.0382
17716,4,1,1,1,8.1933
17724,3,5,5,1,7.9148
17732,3,5,5,1,8.0694
17740,3,0,0,1,7.8862
17748,3,0,0,1,7.9207
17757,9,6,6,1,7.7553
17765,3,0,0,1,8.1483
17774,9,6,6,1,7.9877
17783,9,1,1,1,8.0380
17791,8,0,0,1,8.1253
17800,9,6,6,1,8.0595
17808,8,5,5,1,8.0761
17816,3,0,0,1,7.7551
17825,4,6,6,1,7.7357
17833,8,0,0,1,7.4658
17842,4,6,6,1,7.4142
17851,9,6,6,1,7.6777
17859,3,5,5,1,8.0734
17868,4,6,6,1,8.2411
17877,4,6,6,1,8.0302
17885,3,0,0,1,7.9962
17893,8,5,5,1,8.0696
17902,9,6,6,1,8.0776
17910,3,5,5,1,7.7919
17918,3,5,5,1,7.9237
17926,8,0,0,1,7.8979
17935,9,6,6,1,7.9681
17943,3,5,5,1,7.8823
17951,8,0,0,1,8.1301
17959,8,0,0,1,8.2174
17968,9,1,1,1,8.2348
17977,4,1,1,1,8.3123
17986,4,1,1,1,8.0873
17994,8,0,0,1,7.8240
18003,9,6,6,1,7.7444
18012,4,6,6,1,7.8104
18021,4,6,6,1,8.1710
18029,3,0,0,1,8.0328
18038,9,1,1,1,8.0773
18047,9,6,6,1,7.6901
18055,3,5,5,1,7.4649
18064,4,1,1,1,7.7086
18073,9,1,1,1,7.4283
18081,8,0,0,1,7.4495
18089,8,5,5,1,7.4378
18098,9,6,6,1,7.2941
18107,4,1,1,1,7.3708
18115,3,5,5,1,7.3439
18124,9,6,6,1,7.4769
18132,3,5,5,1,7.5092
18140,3,5,5,1,7.4429
18148,3,0,0,1,7.2589
18157,9,6,6,1,7.4289
18166,4,6,6,1,7.5302
18174,8,5,5,1,7.7675
18182,8,5,5,1,7.6793
18190,3,0,0,1,7.7784
18199,4,1,1,1,8.0741
18208,9,6,6,1,7.7944
18217,4,6,6,1,7.6772
18225,3,0,0,1,7.8444
18233,8,0,0,1,7.6021
18242,9,1,1,1,7.5365
18251,4,6,6,1,7.8365
18259,8,0,0,1,8.0147
18268,4,1,1,1,8.4004
18276,8,0,0,1,8.2228
18285,4,6,6,1,7.9289
18294,9,1,1,1,8.1737
18302,3,0,0,1,7.9725
18310,8,5,5,1,8.0363
18319,4,6,6,1,8.0699
18327,8,5,5,1,8.2207
18336,9,1,1,1,8.0145
18345,4,6,6,1,8.0779
18353,3,0,0,1,7.8824
18362,4,6,6,1,7.7251
18370,8,0,0,1,7.8003
18379,9,6,6,1,7.9043
18387,3,0,0,1,7.7881
18395,8,5,5,1,7.6294
18404,4,6,6,1,7.4688
18412,8,5,5,1,7.7234
18421,4,1,1,1,7.5983
18430,4,1,1,1,7.4828
18439,9,1,1,1,7.3916
18448,9,6,6,1,7.4102
18456,8,0,0,1,7.4565
18464,8,5,5,1,7.6235
18472,3,0,0,1,7.9968
18480,8,0,0,1,7.6562
18488,3,5,5,1,7.6724
18497,4,1,1,1,7.9894
18506,9,6,6,1,7.8627
18515,4,1,1,1,8.0815
18523,3,0,0,1,8.0051
18532,4,6,6,1,8.2154
18540,3,0,0,1,8.1397
18549,4,1,1,1,7.9334
18557,8,5,5,1,8.1853
18565,3,5,5,1,7.9507
18574,9,6,6,1,7.6400
18582,3,0,0,1,7.5486
18590,3,0,0,1,7.4737
18598,8,0,0,1,7.3450
18607,4,6,6,1,7.2245
18616,4,1,1,1,7.0619
18625,9,6,6,1,7.1477
18633,3,0,0,1,7.2132
18642,9,1,1,1,7.5912
18650,8,0,0,1,7.7023
18658,3,0,0,1,7.5413
18667,4,6,6,1,7.2937
18676,9,6,6,1,7.4574
18685,9,6,6,1,7.3310
18694,9,6,6,1,7.3226
18703,9,1,1,1,7.1510
18712,9,1,1,1,7.0068
18721,4,1,1,1,7.4837
18729,3,0,0,1,7.9652
18737,8,0,0,1,7.5659
18746,9,1,1,1,7.5038
18755,4,6,6,1,7.6340
18763,8,0,0,1,7.7224
18772,4,6,6,1,7.5006
18780,3,5,5,1,7.5529
18789,9,6,6,1,7.4702
18798,4,6,6,1,7.6385
18806,8,5,5,1,7.5474
18814,3,5,5,1,7.8418
18823,4,6,6,1,7.7355
18831,3,0,0,1,7.5822
18840,4,1,1,1,7.5264
18848,3,5,5,1,7.7363
18857,9,1,1,1,7.6334
18865,8,5,5,1,8.2591
18874,9,1,1,1,8.1397
18883,9,1,1,1,8.2556
18891,3,0,0,1,8.0291
18900,4,1,1,1,7.9458
18908,3,5,5,1,8.1807
18916,3,5,5,1,7.9037
18925,4,6,6,1,7.8363
18933,3,0,0,1,8.5120
18941,3,5,5,1,8.2668
18949,3,5,5,1,8.0861
18958,9,1,1,1,7.9814
18967,4,6,6,1,7.6599
18976,4,1,1,1,7.5808
18985,9,6,6,1,7.5700
18993,8,5,5,1,7.6069
19002,4,6,6,1,7.8806
19011,4,1,1,1,7.6765
19019,3,5,5,1,8.0333
19027,3,0,0,1,7.7523
19035,8,0,0,1,7.7863
19044,9,1,1,1,7.8208
19053,9,6,6,1,7.8549
19061,8,0,0,1,7.7490
19069,3,0,0,1,7.8553
19077,3,0,0,1,7.9510
19086,4,1,1,1,7.6530
19094,3,0,0,1,7.7742
19103,4,1,1,1,7.5607
19112,9,6,6,1,7.4597
19121,9,6,6,1,7.7274
19129,8,5,5,1,7.8114
19137,3,5,5,1,7.8811
19145,8,0,0,1,7.8910
19153,3,5,5,1,7.9242
19162,9,6,6,1,7.8752
19170,8,0,0,1,7.8299
19179,9,1,1,1,7.9357
19187,8,0,0,1,8.0679
19196,4,1,1,1,7.9591
19204,8,0,0,1,7.9031
19212,8,0,0,1,7.8673
19220,3,5,5,1,7.8291
19228,8,5,5,1,8.1321
19237,4,1,1,1,7.8706
19245,8,5,5,1,8.1117
19254,9,1,1,1,7.9226
19263,9,6,6,1,8.0942
19272,4,6,6,1,7.8797
19280,3,0,0,1,7.9997
19288,3,5,5,1,7.8804
19297,4,6,6,1,7.7273
19306,9,1,1,1,7.6503
19315,9,6,6,1,7.7600
19323,8,0,0,1,7.7940
19332,9,1,1,1,7.9461
19341,4,1,1,1,8.0102
19349,8,0,0,1,7.9842
19357,8,0,0,1,8.4182
19365,3,0,0,1,8.4730
19374,4,1,1,1,8.0685
19383,4,6,6,1,8.2755
19392,9,1,1,1,7.8591
19401,4,1,1,1,7.9587
19410,4,6,6,1,7.8387
19419,9,1,1,1,7.8997
19428,4,6,6,1,7.8057
19437,9,1,1,1,7.5876
19446,4,1,1,1,7.6034
19454,3,5,5,1,7.6998
19462,8,5,5,1,7.7779
19470,8,5,5,1,7.7955
19479,9,1,1,1,7.9599
19487,8,5,5,1,8.0069
19496,9,1,1,1,7.8685
19505,9,1,1,1,7.8461
19513,8,0,0,1,8.0680
19521,8,0,0,1,7.9637
19530,4,6,6,1,7.9841
19539,9,6,6,1,7.9220
19547,3,5,5,1,8.0317
19556,9,1,1,1,8.0445
19565,9,6,6,1,8.1262
19574,9,6,6,1,7.9398
19582,3,5,5,1,8.0027
19590,3,5,5,1,7.8414
19598,3,5,5,1,7.8984
19606,3,0,0,1,8.0849
19614,8,5,5,1,8.1653
19622,8,5,5,1,8.5794
19631,4,1,1,1,8.3749
19639,8,0,0,1,8.0352
19648,9,6,6,1,7.9348
19656,3,0,0,1,7.9739
19665,9,6,6,1,7.7044
19674,9,1,1,1,8.0837
19682,3,5,5,1,8.3214
19691,9,1,1,1,8.0633
19699,3,0,0,1,7.9991
19708,4,1,1,1,7.8433
19717,9,1,1,1,7.5878
19726,4,6,6,1,7.8149
19734,3,5,5,1,7.8526
19742,3,0,0,1,7.6987
19751,9,6,6,1,7.5579
19759,3,5,5,1,7.6173
19768,9,6,6,1,7.4552
19776,8,0,0,1,7.4536
19784,8,5,5,1,7.6169
19793,9,6,6,1,7.8782
19801,3,5,5,1,7.6115
19809,3,0,0,1,7.7183
19818,9,1,1,1,7.7619
19826,8,5,5,1,7.9213
19835,9,1,1,1,7.6137
19844,4,1,1,1,7.5714
19853,9,1,1,1,7.7745
19862,9,1,1,1,7.6853
19871,4,1,1,1,7.4634
19880,4,1,1,1,7.5090
19888,8,5,5,1,7.9113
19897,4,1,1,1,7.6390
19905,8,0,0,1,7.7392
19914,4,6,6,1,7.8090
19922,8,5,5,1,7.7925
19931,4,1,1,1,7.6374
19940,9,6,6,1,7.8286
19949,9,6,6,1,7.4981
19957,3,0,0,1,7.5168
19965,3,0,0,1,7.9769
19973,3,5,5,1,7.6615
19981,3,5,5,1,7.5473
19989,3,5,5,1,7.4809
19998,4,1,1,1,7.8935
